生成启动时间为 2013/5/15 12:14:11。
     1>项目“F:\资料\c\projects\caesar\caesar.vcxproj”在节点 2 上(build 个目标)。
     1>InitializeBuildStatus:
         正在创建“Debug\caesar.unsuccessfulbuild”，因为已指定“AlwaysCreate”。
       ClCompile:
         d:\Program Files\Microsoft Visual Studio 10.0\VC\bin\CL.exe /c /ZI /nologo /W3 /WX- /Od /Oy- /D WIN32 /D _DEBUG /D _CONSOLE /D _UNICODE /D UNICODE /Gm /EHsc /RTC1 /MDd /GS /fp:precise /Zc:wchar_t /Zc:forScope /Fo"Debug\\" /Fd"Debug\vc100.pdb" /Gd /TP /analyze- /errorReport:prompt caesar.cpp
         caesar.cpp
     1>f:\资料\c\projects\caesar\caesar.cpp(11): warning C4996: 'scanf': This function or variable may be unsafe. Consider using scanf_s instead. To disable deprecation, use _CRT_SECURE_NO_WARNINGS. See online help for details.
                 d:\program files\microsoft visual studio 10.0\vc\include\stdio.h(304) : 参见“scanf”的声明
     1>f:\资料\c\projects\caesar\caesar.cpp(14): warning C4996: 'fopen': This function or variable may be unsafe. Consider using fopen_s instead. To disable deprecation, use _CRT_SECURE_NO_WARNINGS. See online help for details.
                 d:\program files\microsoft visual studio 10.0\vc\include\stdio.h(234) : 参见“fopen”的声明
     1>f:\资料\c\projects\caesar\caesar.cpp(35): warning C4996: 'getch': The POSIX name for this item is deprecated. Instead, use the ISO C++ conformant name: _getch. See online help for details.
                 d:\program files\microsoft visual studio 10.0\vc\include\conio.h(128) : 参见“getch”的声明
     1>f:\资料\c\projects\caesar\caesar.cpp(41): warning C4996: 'scanf': This function or variable may be unsafe. Consider using scanf_s instead. To disable deprecation, use _CRT_SECURE_NO_WARNINGS. See online help for details.
                 d:\program files\microsoft visual studio 10.0\vc\include\stdio.h(304) : 参见“scanf”的声明
     1>f:\资料\c\projects\caesar\caesar.cpp(43): warning C4996: 'fopen': This function or variable may be unsafe. Consider using fopen_s instead. To disable deprecation, use _CRT_SECURE_NO_WARNINGS. See online help for details.
                 d:\program files\microsoft visual studio 10.0\vc\include\stdio.h(234) : 参见“fopen”的声明
     1>f:\资料\c\projects\caesar\caesar.cpp(6): warning C4101: “fp1”: 未引用的局部变量
     1>f:\资料\c\projects\caesar\caesar.cpp(8): warning C4101: “m”: 未引用的局部变量
       ManifestResourceCompile:
         C:\Program Files\Microsoft SDKs\Windows\v7.0A\bin\rc.exe /nologo /fo"Debug\caesar.exe.embed.manifest.res" Debug\caesar_manifest.rc 
       Link:
         d:\Program Files\Microsoft Visual Studio 10.0\VC\bin\link.exe /ERRORREPORT:PROMPT /OUT:"F:\资料\c\projects\caesar\Debug\caesar.exe" /INCREMENTAL /NOLOGO kernel32.lib user32.lib gdi32.lib winspool.lib comdlg32.lib advapi32.lib shell32.lib ole32.lib oleaut32.lib uuid.lib odbc32.lib odbccp32.lib /MANIFEST /ManifestFile:"Debug\caesar.exe.intermediate.manifest" /MANIFESTUAC:"level='asInvoker' uiAccess='false'" /DEBUG /PDB:"F:\资料\c\projects\caesar\Debug\caesar.pdb" /SUBSYSTEM:CONSOLE /TLBID:1 /DYNAMICBASE /NXCOMPAT /IMPLIB:"F:\资料\c\projects\caesar\Debug\caesar.lib" /MACHINE:X86 Debug\caesar.exe.embed.manifest.res
         Debug\caesar.obj
         Debug\stdafx.obj
       Manifest:
         C:\Program Files\Microsoft SDKs\Windows\v7.0A\bin\mt.exe /nologo /verbose /out:"Debug\caesar.exe.embed.manifest" /manifest Debug\caesar.exe.intermediate.manifest
         C:\Program Files\Microsoft SDKs\Windows\v7.0A\bin\rc.exe /nologo /fo"Debug\caesar.exe.embed.manifest.res" Debug\caesar_manifest.rc 
       LinkEmbedManifest:
         d:\Program Files\Microsoft Visual Studio 10.0\VC\bin\link.exe /ERRORREPORT:PROMPT /OUT:"F:\资料\c\projects\caesar\Debug\caesar.exe" /INCREMENTAL /NOLOGO kernel32.lib user32.lib gdi32.lib winspool.lib comdlg32.lib advapi32.lib shell32.lib ole32.lib oleaut32.lib uuid.lib odbc32.lib odbccp32.lib /MANIFEST /ManifestFile:"Debug\caesar.exe.intermediate.manifest" /MANIFESTUAC:"level='asInvoker' uiAccess='false'" /DEBUG /PDB:"F:\资料\c\projects\caesar\Debug\caesar.pdb" /SUBSYSTEM:CONSOLE /TLBID:1 /DYNAMICBASE /NXCOMPAT /IMPLIB:"F:\资料\c\projects\caesar\Debug\caesar.lib" /MACHINE:X86 Debug\caesar.exe.embed.manifest.res
         Debug\caesar.obj
         Debug\stdafx.obj
         caesar.vcxproj -> F:\资料\c\projects\caesar\Debug\caesar.exe
       FinalizeBuildStatus:
         正在删除文件“Debug\caesar.unsuccessfulbuild”。
         正在对“Debug\caesar.lastbuildstate”执行 Touch 任务。
     1>已完成生成项目“F:\资料\c\projects\caesar\caesar.vcxproj”(build 个目标)的操作。

生成成功。

已用时间 00:00:05.10
